<?xml version="1.0" encoding="UTF-8"?>
<testsuite xmlns:xsi="http://www.w3.org/2001/XMLSchema-instance" xsi:noNamespaceSchemaLocation="https://maven.apache.org/surefire/maven-surefire-plugin/xsd/surefire-test-report-3.0.xsd" version="3.0" name="com.pavan.OrderMServiceApplicationTests" time="7.18" tests="1" errors="0" skipped="0" failures="0">
  <properties>
[...]
</properties>
  <testcase name="contextLoads" classname="com.pavan.OrderMServiceApplicationTests" time="0.76">
    <system-out><![CDATA[23:03:53.257 [main] INFO org.springframework.test.context.support.AnnotationConfigContextLoaderUtils -- Could not detect default configuration classes for test class [com.pavan.OrderMServiceApplicationTests]: OrderMServiceApplicationTests does not declare any static, non-private, non-final, nested classes annotated with @Configuration.
23:03:53.374 [main] INFO org.springframework.boot.test.context.SpringBootTestContextBootstrapper -- Found @SpringBootConfiguration com.pavan.OrderMServiceApplication for test class com.pavan.OrderMServiceApplicationTests

  .   ____          _            __ _ _
 /\\ / ___'_ __ _ _(_)_ __  __ _ \ \ \ \
( ( )\___ | '_ | '_| | '_ \/ _` | \ \ \ \
 \\/  ___)| |_)| | | | | || (_| |  ) ) ) )
  '  |____| .__|_| |_|_| |_\__, | / / / /
 =========|_|==============|___/=/_/_/_/
 :: Spring Boot ::                (v3.2.5)

2024-05-27T23:03:53.891+05:30  INFO 12376 --- [OrderMService] [           main] c.pavan.OrderMServiceApplicationTests    : Starting OrderMServiceApplicationTests using Java 17.0.9 with PID 12376 (started by nithin in C:\Spring\MyMicroServices\Microservices\OrderMService)
2024-05-27T23:03:53.893+05:30  INFO 12376 --- [OrderMService] [           main] c.pavan.OrderMServiceApplicationTests    : No active profile set, falling back to 1 default profile: "default"
2024-05-27T23:03:54.755+05:30  INFO 12376 --- [OrderMService] [           main] .s.d.r.c.RepositoryConfigurationDelegate : Bootstrapping Spring Data JPA repositories in DEFAULT mode.
2024-05-27T23:03:54.950+05:30  INFO 12376 --- [OrderMService] [           main] .s.d.r.c.RepositoryConfigurationDelegate : Finished Spring Data repository scanning in 176 ms. Found 1 JPA repository interface.
2024-05-27T23:03:55.657+05:30  INFO 12376 --- [OrderMService] [           main] o.hibernate.jpa.internal.util.LogHelper  : HHH000204: Processing PersistenceUnitInfo [name: default]
2024-05-27T23:03:55.780+05:30  INFO 12376 --- [OrderMService] [           main] org.hibernate.Version                    : HHH000412: Hibernate ORM core version 6.4.4.Final
2024-05-27T23:03:55.862+05:30  INFO 12376 --- [OrderMService] [           main] o.h.c.internal.RegionFactoryInitiator    : HHH000026: Second-level cache disabled
2024-05-27T23:03:56.300+05:30  INFO 12376 --- [OrderMService] [           main] o.s.o.j.p.SpringPersistenceUnitInfo      : No LoadTimeWeaver setup: ignoring JPA class transformer
2024-05-27T23:03:56.342+05:30  INFO 12376 --- [OrderMService] [           main] com.zaxxer.hikari.HikariDataSource       : HikariPool-1 - Starting...
2024-05-27T23:03:56.762+05:30  INFO 12376 --- [OrderMService] [           main] com.zaxxer.hikari.pool.HikariPool        : HikariPool-1 - Added connection com.mysql.cj.jdbc.ConnectionImpl@60844992
2024-05-27T23:03:56.765+05:30  INFO 12376 --- [OrderMService] [           main] com.zaxxer.hikari.HikariDataSource       : HikariPool-1 - Start completed.
2024-05-27T23:03:58.062+05:30  INFO 12376 --- [OrderMService] [           main] o.h.e.t.j.p.i.JtaPlatformInitiator       : HHH000489: No JTA platform available (set 'hibernate.transaction.jta.platform' to enable JTA platform integration)
2024-05-27T23:03:58.159+05:30  INFO 12376 --- [OrderMService] [           main] j.LocalContainerEntityManagerFactoryBean : Initialized JPA EntityManagerFactory for persistence unit 'default'
2024-05-27T23:03:59.455+05:30  INFO 12376 --- [OrderMService] [           main] c.pavan.OrderMServiceApplicationTests    : Started OrderMServiceApplicationTests in 5.891 seconds (process running for 7.103)
]]></system-out>
  </testcase>
</testsuite>